<?xml version="1.0" encoding="UTF-8"?>
<!-- Generated by org.testng.reporters.JUnitReportReporter -->
<testsuite hostname="DESKTOP-T34T3R7" failures="0" tests="1" name="test.Over_write_filetest" time="0.084" errors="0" timestamp="2025-04-09T20:28:00 IST" skipped="0">
  <testcase classname="test.Over_write_filetest" name="testWriteOperation" time="0.084"/>
</testsuite> <!-- test.Over_write_filetest -->
